<?xml version="1.0" encoding="UTF-8"?>
<beans xmlns="http://www.springframework.org/schema/beans"
       xmlns:xsi="http://www.w3.org/2001/XMLSchema-instance"
       xsi:schemaLocation="http://www.springframework.org/schema/beans
       http://www.springframework.org/schema/beans/spring-beans-3.0.xsd">

    <bean id="simpleConnectionProvider" class="com.smikhalev.sqlserverutils.core.connection.SimpleConnectionProvider">
        <constructor-arg>
            <value>jdbc:jtds:sqlserver://mikhalevpc/mini-pump;user=sa;password=sa2013;</value>
        </constructor-arg>
    </bean>

    <bean id="statementExecutor" class="com.smikhalev.sqlserverutils.core.executor.StatementExecutor">
        <constructor-arg ref="simpleConnectionProvider"/>
    </bean>

    <bean id="databaseLoader" class="com.smikhalev.sqlserverutils.schema.DatabaseLoader">
        <constructor-arg ref="statementExecutor"/>
    </bean>
</beans>
